# JRE version: Java(TM) SE Runtime Environment (23.0+37) (build 23+37-2369)
# Java VM: Java HotSpot(TM) 64-Bit Server VM (23+37-2369, mixed mode, emulated-client, sharing, tiered, compressed oops, compressed class ptrs, g1 gc, windows-amd64)
GC Precious Log:
 CardTable entry size: 512
 Card Set container configuration: InlinePtr #cards 5 size 8 Array Of Cards #cards 10 size 36 Howl #buckets 4 coarsen threshold 1843 Howl Bitmap #cards 512 size 80 coarsen threshold 460 Card regions per heap region 1 cards per card region 2048
 CPUs: 2 total, 2 available
 Memory: 3918M
 Large Page Support: Disabled
 NUMA Support: Disabled
 Compressed Oops: Enabled (32-bit)
 Heap Region Size: 1M
 Heap Min Capacity: 8M
 Heap Initial Capacity: 62M
 Heap Max Capacity: 980M
 Pre-touch: Disabled
 Parallel Workers: 2
 Concurrent Workers: 1
 Concurrent Refinement Workers: 2
 Periodic GC: Disabled
Heap:
 garbage-first heap   total reserved 1003520K, committed 71680K, used 34580K [0x00000000c2c00000, 0x0000000100000000)
  region size 1024K, 8 young (8192K), 5 survivors (5120K)
 Metaspace       used 61415K, committed 62144K, reserved 1114112K
  class space    used 8650K, committed 8960K, reserved 1048576K
GC Heap History (20 events):
Event: 1677.907 GC heap before
{Heap before GC invocations=51 (full 11):
 garbage-first heap   total reserved 1003520K, committed 70656K, used 36337K [0x00000000c2c00000, 0x0000000100000000)
  region size 1024K, 9 young (9216K), 4 survivors (4096K)
 Metaspace       used 60858K, committed 61696K, reserved 1114112K
  class space    used 8577K, committed 8960K, reserved 1048576K
}
Event: 1678.005 GC heap after
{Heap after GC invocations=52 (full 12):
 garbage-first heap   total reserved 1003520K, committed 70656K, used 26662K [0x00000000c2c00000, 0x0000000100000000)
  region size 1024K, 0 young (0K), 0 survivors (0K)
 Metaspace       used 60855K, committed 61696K, reserved 1114112K
  class space    used 8577K, committed 8960K, reserved 1048576K
}
Event: 1678.830 GC heap before
{Heap before GC invocations=52 (full 12):
 garbage-first heap   total reserved 1003520K, committed 70656K, used 58406K [0x00000000c2c00000, 0x0000000100000000)
  region size 1024K, 32 young (32768K), 0 survivors (0K)
 Metaspace       used 60869K, committed 61696K, reserved 1114112K
  class space    used 8581K, committed 8960K, reserved 1048576K
}
Event: 1678.844 GC heap after
{Heap after GC invocations=53 (full 12):
 garbage-first heap   total reserved 1003520K, committed 70656K, used 29352K [0x00000000c2c00000, 0x0000000100000000)
  region size 1024K, 3 young (3072K), 3 survivors (3072K)
 Metaspace       used 60869K, committed 61696K, reserved 1114112K
  class space    used 8581K, committed 8960K, reserved 1048576K
}
Event: 1703.370 GC heap before
{Heap before GC invocations=53 (full 12):
 garbage-first heap   total reserved 1003520K, committed 70656K, used 60072K [0x00000000c2c00000, 0x0000000100000000)
  region size 1024K, 33 young (33792K), 3 survivors (3072K)
 Metaspace       used 60993K, committed 61760K, reserved 1114112K
  class space    used 8593K, committed 8960K, reserved 1048576K
}
Event: 1703.387 GC heap after
{Heap after GC invocations=54 (full 12):
 garbage-first heap   total reserved 1003520K, committed 70656K, used 33165K [0x00000000c2c00000, 0x0000000100000000)
  region size 1024K, 5 young (5120K), 5 survivors (5120K)
 Metaspace       used 60993K, committed 61760K, reserved 1114112K
  class space    used 8593K, committed 8960K, reserved 1048576K
}
Event: 1731.919 GC heap before
{Heap before GC invocations=54 (full 12):
 garbage-first heap   total reserved 1003520K, committed 70656K, used 36237K [0x00000000c2c00000, 0x0000000100000000)
  region size 1024K, 9 young (9216K), 5 survivors (5120K)
 Metaspace       used 61022K, committed 61760K, reserved 1114112K
  class space    used 8596K, committed 8960K, reserved 1048576K
}
Event: 1732.016 GC heap after
{Heap after GC invocations=55 (full 13):
 garbage-first heap   total reserved 1003520K, committed 70656K, used 26654K [0x00000000c2c00000, 0x0000000100000000)
  region size 1024K, 0 young (0K), 0 survivors (0K)
 Metaspace       used 61014K, committed 61760K, reserved 1114112K
  class space    used 8594K, committed 8960K, reserved 1048576K
}
Event: 1736.521 GC heap before
{Heap before GC invocations=55 (full 13):
 garbage-first heap   total reserved 1003520K, committed 70656K, used 58398K [0x00000000c2c00000, 0x0000000100000000)
  region size 1024K, 32 young (32768K), 0 survivors (0K)
 Metaspace       used 61031K, committed 61760K, reserved 1114112K
  class space    used 8598K, committed 8960K, reserved 1048576K
}
Event: 1736.530 GC heap after
{Heap after GC invocations=56 (full 13):
 garbage-first heap   total reserved 1003520K, committed 70656K, used 29726K [0x00000000c2c00000, 0x0000000100000000)
  region size 1024K, 3 young (3072K), 3 survivors (3072K)
 Metaspace       used 61031K, committed 61760K, reserved 1114112K
  class space    used 8598K, committed 8960K, reserved 1048576K
}
Event: 1792.285 GC heap before
{Heap before GC invocations=56 (full 13):
 garbage-first heap   total reserved 1003520K, committed 70656K, used 59422K [0x00000000c2c00000, 0x0000000100000000)
  region size 1024K, 33 young (33792K), 3 survivors (3072K)
 Metaspace       used 61130K, committed 61888K, reserved 1114112K
  class space    used 8604K, committed 8960K, reserved 1048576K
}
Event: 1792.317 GC heap after
{Heap after GC invocations=57 (full 13):
 garbage-first heap   total reserved 1003520K, committed 70656K, used 31330K [0x00000000c2c00000, 0x0000000100000000)
  region size 1024K, 3 young (3072K), 3 survivors (3072K)
 Metaspace       used 61130K, committed 61888K, reserved 1114112K
  class space    used 8604K, committed 8960K, reserved 1048576K
}
Event: 2288.939 GC heap before
{Heap before GC invocations=57 (full 13):
 garbage-first heap   total reserved 1003520K, committed 70656K, used 61026K [0x00000000c2c00000, 0x0000000100000000)
  region size 1024K, 32 young (32768K), 3 survivors (3072K)
 Metaspace       used 61130K, committed 61888K, reserved 1114112K
  class space    used 8604K, committed 8960K, reserved 1048576K
}
Event: 2289.070 GC heap after
{Heap after GC invocations=58 (full 13):
 garbage-first heap   total reserved 1003520K, committed 70656K, used 31714K [0x00000000c2c00000, 0x0000000100000000)
  region size 1024K, 1 young (1024K), 1 survivors (1024K)
 Metaspace       used 61130K, committed 61888K, reserved 1114112K
  class space    used 8604K, committed 8960K, reserved 1048576K
}
Event: 2594.343 GC heap before
{Heap before GC invocations=58 (full 13):
 garbage-first heap   total reserved 1003520K, committed 70656K, used 51170K [0x00000000c2c00000, 0x0000000100000000)
  region size 1024K, 22 young (22528K), 1 survivors (1024K)
 Metaspace       used 61142K, committed 61888K, reserved 1114112K
  class space    used 8607K, committed 8960K, reserved 1048576K
}
Event: 2595.864 GC heap after
{Heap after GC invocations=59 (full 14):
 garbage-first heap   total reserved 1003520K, committed 70656K, used 24029K [0x00000000c2c00000, 0x0000000100000000)
  region size 1024K, 0 young (0K), 0 survivors (0K)
 Metaspace       used 61102K, committed 61888K, reserved 1114112K
  class space    used 8596K, committed 8960K, reserved 1048576K
}
Event: 2600.609 GC heap before
{Heap before GC invocations=59 (full 14):
 garbage-first heap   total reserved 1003520K, committed 70656K, used 59869K [0x00000000c2c00000, 0x0000000100000000)
  region size 1024K, 36 young (36864K), 0 survivors (0K)
 Metaspace       used 61187K, committed 61952K, reserved 1114112K
  class space    used 8620K, committed 8960K, reserved 1048576K
}
Event: 2600.680 GC heap after
{Heap after GC invocations=60 (full 14):
 garbage-first heap   total reserved 1003520K, committed 70656K, used 27847K [0x00000000c2c00000, 0x0000000100000000)
  region size 1024K, 4 young (4096K), 4 survivors (4096K)
 Metaspace       used 61187K, committed 61952K, reserved 1114112K
  class space    used 8620K, committed 8960K, reserved 1048576K
}
Event: 2628.396 GC heap before
{Heap before GC invocations=60 (full 14):
 garbage-first heap   total reserved 1003520K, committed 70656K, used 59591K [0x00000000c2c00000, 0x0000000100000000)
  region size 1024K, 36 young (36864K), 4 survivors (4096K)
 Metaspace       used 61376K, committed 62144K, reserved 1114112K
  class space    used 8649K, committed 8960K, reserved 1048576K
}
Event: 2628.436 GC heap after
{Heap after GC invocations=61 (full 14):
 garbage-first heap   total reserved 1003520K, committed 71680K, used 32532K [0x00000000c2c00000, 0x0000000100000000)
  region size 1024K, 5 young (5120K), 5 survivors (5120K)
 Metaspace       used 61376K, committed 62144K, reserved 1114112K
  class space    used 8649K, committed 8960K, reserved 1048576K
}

